2016-11-02T15:45:12-04:00  INFO    Traject::SolrJsonWriter writing to 'http://127.0.0.1:8983/solr/blacklight-core/update/json' in batches of 100 with 1 bg threads
2016-11-02T15:45:12-04:00  INFO    Indexer with 1 processing threads, reader: Traject::MarcReader and writer: Traject::SolrJsonWriter
2016-11-02T15:45:12-04:00  INFO Traject::SolrJsonWriter sending commit to solr at url http://127.0.0.1:8983/solr/blacklight-core/update/json...
2016-11-02T15:45:12-04:00  INFO finished Indexer#process: 10 records in 0.370 seconds; 27.0 records/second overall.
2016-11-14T16:13:46-05:00  INFO traject (2.3.2) executing with: `-c /Users/d35185r/RubymineProjects/discovery-pilot/blacklight-dartmouth/config/traject/dartcoll_sample.rb ./testdata/dcRecds10.mrc`
2016-11-14T16:13:46-05:00  INFO Reading from ./testdata/dcRecds10.mrc
2016-11-14T16:13:46-05:00  INFO    Indexer with 2 processing threads, reader: Traject::MarcReader and writer: Traject::DebugWriter
2016-11-14T16:13:46-05:00  INFO finished Indexer#process: 10 records in 0.026 seconds; 382.3 records/second overall.
2016-11-14T16:16:51-05:00  INFO traject (2.3.2) executing with: `-c /Users/d35185r/RubymineProjects/discovery-pilot/blacklight-dartmouth/config/traject/dartcoll_sample.rb ./testdata/dcRecds10.mrc`
2016-11-14T16:16:51-05:00  INFO Reading from ./testdata/dcRecds10.mrc
2016-11-14T16:16:51-05:00  INFO    Indexer with 2 processing threads, reader: Traject::MarcReader and writer: Traject::DebugWriter
2016-11-14T16:16:51-05:00  INFO finished Indexer#process: 10 records in 0.012 seconds; 805.2 records/second overall.
2016-11-22T10:41:09-05:00  INFO traject (2.3.2) executing with: `-c /Users/d35185r/RubymineProjects/discovery-pilot/blacklight-dartmouth/config/traject/dartcoll_sample.rb testData/DCrecds10.mrc`
2016-11-22T10:41:09-05:00  INFO Reading from testData/DCrecds10.mrc
2016-11-22T10:41:09-05:00  INFO    Indexer with 2 processing threads, reader: Traject::MarcReader and writer: Traject::DebugWriter
2016-11-22T10:41:09-05:00  INFO finished Indexer#process: 10 records in 0.017 seconds; 586.9 records/second overall.
2016-11-22T10:43:54-05:00  INFO traject (2.3.2) executing with: `-c /Users/d35185r/RubymineProjects/discovery-pilot/blacklight-dartmouth/config/traject/dartcoll_sample.rb testData/DCrecds10.mrc`
2016-11-22T10:43:54-05:00  INFO Reading from testData/DCrecds10.mrc
2016-11-22T10:43:54-05:00  INFO    Indexer with 2 processing threads, reader: Traject::MarcReader and writer: Traject::DebugWriter
2016-11-22T10:43:54-05:00  INFO finished Indexer#process: 10 records in 0.017 seconds; 601.1 records/second overall.
2016-11-22T10:47:30-05:00  INFO traject (2.3.2) executing with: `-c /Users/d35185r/RubymineProjects/discovery-pilot/blacklight-dartmouth/config/traject/dartcoll_sample.rb testData/DCrecds10.mrc`
2016-11-22T10:47:30-05:00  INFO Reading from testData/DCrecds10.mrc
2016-11-22T10:47:30-05:00  INFO    Indexer with 2 processing threads, reader: Traject::MarcReader and writer: Traject::DebugWriter
2016-11-22T10:47:30-05:00  INFO finished Indexer#process: 10 records in 0.017 seconds; 597.5 records/second overall.
2016-11-29T11:57:44-05:00  INFO traject (2.3.2) executing with: `-c config/traject/dartcoll_mapping.rb testdata/dcRecds10.mrc`
2016-11-29T11:57:44-05:00  INFO Reading from testdata/dcRecds10.mrc
2016-11-29T11:57:44-05:00  INFO    Indexer with 2 processing threads, reader: Traject::MarcReader and writer: Traject::DebugWriter
2016-11-29T11:57:44-05:00  INFO finished Indexer#process: 10 records in 0.006 seconds; 1575.5 records/second overall.
2016-11-29T12:02:45-05:00  INFO traject (2.3.2) executing with: `-c /Users/d35185r/RubymineProjects/discovery-pilot/blacklight-dartmouth/config/traject/dartcoll_mapping.rb testData/DCrecds10.mrc`
2016-11-29T12:02:45-05:00  INFO Reading from testData/DCrecds10.mrc
2016-11-29T12:02:45-05:00  INFO    Indexer with 2 processing threads, reader: Traject::MarcReader and writer: Traject::DebugWriter
2016-11-29T12:02:45-05:00  INFO finished Indexer#process: 10 records in 0.010 seconds; 966.7 records/second overall.
2016-11-29T14:34:44-05:00  INFO traject (2.3.2) executing with: `-c /Users/d35185r/RubymineProjects/discovery-pilot/blacklight-dartmouth/config/traject/dartcoll_mapping.rb testData/DCrecds10.mrc`
2016-11-29T14:34:44-05:00  INFO Reading from testData/DCrecds10.mrc
2016-11-29T14:34:44-05:00  INFO    Indexer with 2 processing threads, reader: Traject::MarcReader and writer: Traject::DebugWriter
2016-11-29T14:34:44-05:00  INFO finished Indexer#process: 10 records in 0.008 seconds; 1261.4 records/second overall.
2016-11-29T14:44:22-05:00  INFO traject (2.3.2) executing with: `-c /Users/d35185r/RubymineProjects/discovery-pilot/blacklight-dartmouth/config/traject/dartcoll_mapping.rb testData/DCrecds10.mrc`
2016-11-29T14:44:22-05:00  INFO Reading from testData/DCrecds10.mrc
2016-11-29T14:44:22-05:00  INFO    Indexer with 2 processing threads, reader: Traject::MarcReader and writer: Traject::DebugWriter
2016-11-29T14:44:22-05:00  INFO finished Indexer#process: 10 records in 0.007 seconds; 1422.5 records/second overall.
2016-11-29T14:45:00-05:00  INFO traject (2.3.2) executing with: `-c /Users/d35185r/RubymineProjects/discovery-pilot/blacklight-dartmouth/config/traject/dartcoll_mapping.rb testData/DCrecds10.mrc`
2016-11-29T14:45:00-05:00  INFO Reading from testData/DCrecds10.mrc
2016-11-29T14:45:00-05:00  INFO    Indexer with 2 processing threads, reader: Traject::MarcReader and writer: Traject::DebugWriter
2016-11-29T14:45:00-05:00  INFO finished Indexer#process: 10 records in 0.008 seconds; 1205.5 records/second overall.
2016-11-29T14:45:50-05:00  INFO traject (2.3.2) executing with: `-c /Users/d35185r/RubymineProjects/discovery-pilot/blacklight-dartmouth/config/traject/dartcoll_mapping.rb testData/DCrecds10.mrc`
2016-11-29T14:45:50-05:00  INFO Reading from testData/DCrecds10.mrc
2016-11-29T14:45:50-05:00  INFO    Indexer with 2 processing threads, reader: Traject::MarcReader and writer: Traject::DebugWriter
2016-11-29T14:45:50-05:00  INFO finished Indexer#process: 10 records in 0.008 seconds; 1266.1 records/second overall.
2016-11-29T14:47:30-05:00  INFO traject (2.3.2) executing with: `-c /Users/d35185r/RubymineProjects/discovery-pilot/blacklight-dartmouth/config/traject/dartcoll_mapping.rb testData/DCrecds10.mrc`
2016-11-29T14:47:30-05:00  INFO Reading from testData/DCrecds10.mrc
2016-11-29T14:47:30-05:00  INFO    Indexer with 2 processing threads, reader: Traject::MarcReader and writer: Traject::DebugWriter
2016-11-29T14:47:30-05:00  INFO finished Indexer#process: 10 records in 0.008 seconds; 1276.7 records/second overall.
2016-11-29T14:48:57-05:00  INFO traject (2.3.2) executing with: `-c /Users/d35185r/RubymineProjects/discovery-pilot/blacklight-dartmouth/config/traject/dartcoll_mapping.rb testData/DCrecds10.mrc`
2016-11-29T14:48:57-05:00  INFO Reading from testData/DCrecds10.mrc
2016-11-29T14:48:57-05:00  INFO    Indexer with 2 processing threads, reader: Traject::MarcReader and writer: Traject::DebugWriter
2016-11-29T14:48:57-05:00  INFO finished Indexer#process: 10 records in 0.008 seconds; 1251.7 records/second overall.
2016-11-29T14:50:34-05:00  INFO traject (2.3.2) executing with: `-c /Users/d35185r/RubymineProjects/discovery-pilot/blacklight-dartmouth/config/traject/dartcoll_mapping.rb testData/DCrecds10.mrc`
2016-11-29T14:50:34-05:00  INFO Reading from testData/DCrecds10.mrc
2016-11-29T14:50:34-05:00  INFO    Indexer with 2 processing threads, reader: Traject::MarcReader and writer: Traject::DebugWriter
2016-11-29T14:50:34-05:00  INFO finished Indexer#process: 10 records in 0.009 seconds; 1115.2 records/second overall.
2016-11-29T14:52:12-05:00  INFO traject (2.3.2) executing with: `-c /Users/d35185r/RubymineProjects/discovery-pilot/blacklight-dartmouth/config/traject/dartcoll_mapping.rb testData/DCrecds10.mrc`
2016-11-29T14:52:12-05:00  INFO Reading from testData/DCrecds10.mrc
2016-11-29T14:52:12-05:00  INFO    Indexer with 2 processing threads, reader: Traject::MarcReader and writer: Traject::DebugWriter
2016-11-29T14:52:12-05:00  INFO finished Indexer#process: 10 records in 0.009 seconds; 1166.7 records/second overall.
2016-11-30T10:25:24-05:00  INFO traject (2.3.2) executing with: `-c /Users/d35185r/RubymineProjects/discovery-pilot/blacklight-dartmouth/config/traject/dartcoll_mapping.rb testData/DCrecds10.mrc`
2016-11-30T10:25:24-05:00  INFO Reading from testData/DCrecds10.mrc
2016-11-30T10:25:24-05:00  INFO    Indexer with 2 processing threads, reader: Traject::MarcReader and writer: Traject::DebugWriter
2016-11-30T10:25:24-05:00  INFO finished Indexer#process: 10 records in 0.010 seconds; 962.5 records/second overall.
2016-11-30T10:27:01-05:00  INFO traject (2.3.2) executing with: `-c /Users/d35185r/RubymineProjects/discovery-pilot/blacklight-dartmouth/config/traject/dartcoll_mapping.rb testData/DCrecds10.mrc`
2016-11-30T10:27:01-05:00  INFO Reading from testData/DCrecds10.mrc
2016-11-30T10:27:01-05:00  INFO    Indexer with 2 processing threads, reader: Traject::MarcReader and writer: Traject::DebugWriter
2016-11-30T10:27:01-05:00  INFO finished Indexer#process: 10 records in 0.009 seconds; 1109.5 records/second overall.
2016-11-30T10:28:10-05:00  INFO traject (2.3.2) executing with: `-c /Users/d35185r/RubymineProjects/discovery-pilot/blacklight-dartmouth/config/traject/dartcoll_mapping.rb testData/DCrecds10.mrc`
2016-11-30T10:28:10-05:00  INFO Reading from testData/DCrecds10.mrc
2016-11-30T10:28:10-05:00  INFO    Indexer with 2 processing threads, reader: Traject::MarcReader and writer: Traject::DebugWriter
2016-11-30T10:28:10-05:00  INFO finished Indexer#process: 10 records in 0.009 seconds; 1070.4 records/second overall.
2016-11-30T10:28:40-05:00  INFO traject (2.3.2) executing with: `-c /Users/d35185r/RubymineProjects/discovery-pilot/blacklight-dartmouth/config/traject/dartcoll_mapping.rb testData/DCrecds10.mrc`
2016-11-30T10:28:40-05:00  INFO Reading from testData/DCrecds10.mrc
2016-11-30T10:28:40-05:00  INFO    Indexer with 2 processing threads, reader: Traject::MarcReader and writer: Traject::DebugWriter
2016-11-30T10:28:40-05:00  INFO finished Indexer#process: 10 records in 0.009 seconds; 1069.7 records/second overall.
2016-11-30T10:29:34-05:00  INFO traject (2.3.2) executing with: `-c /Users/d35185r/RubymineProjects/discovery-pilot/blacklight-dartmouth/config/traject/dartcoll_mapping.rb testData/DCrecds10.mrc`
2016-11-30T10:29:34-05:00  INFO Reading from testData/DCrecds10.mrc
2016-11-30T10:29:34-05:00  INFO    Indexer with 2 processing threads, reader: Traject::MarcReader and writer: Traject::DebugWriter
2016-11-30T10:29:34-05:00  INFO finished Indexer#process: 10 records in 0.010 seconds; 1043.8 records/second overall.
2016-11-30T10:30:21-05:00  INFO traject (2.3.2) executing with: `-c /Users/d35185r/RubymineProjects/discovery-pilot/blacklight-dartmouth/config/traject/dartcoll_mapping.rb testData/DCrecds10.mrc`
2016-11-30T10:30:21-05:00  INFO Reading from testData/DCrecds10.mrc
2016-11-30T10:30:21-05:00  INFO    Indexer with 2 processing threads, reader: Traject::MarcReader and writer: Traject::DebugWriter
2016-11-30T10:30:21-05:00  INFO finished Indexer#process: 10 records in 0.010 seconds; 993.4 records/second overall.
2016-11-30T10:31:17-05:00  INFO traject (2.3.2) executing with: `-c /Users/d35185r/RubymineProjects/discovery-pilot/blacklight-dartmouth/config/traject/dartcoll_mapping.rb testData/DCrecds10.mrc`
2016-11-30T10:31:17-05:00  INFO Reading from testData/DCrecds10.mrc
2016-11-30T10:31:17-05:00  INFO    Indexer with 2 processing threads, reader: Traject::MarcReader and writer: Traject::DebugWriter
2016-11-30T10:31:17-05:00  INFO finished Indexer#process: 10 records in 0.015 seconds; 678.4 records/second overall.
2016-11-30T10:32:00-05:00  INFO traject (2.3.2) executing with: `-c /Users/d35185r/RubymineProjects/discovery-pilot/blacklight-dartmouth/config/traject/dartcoll_mapping.rb testData/DCrecds10.mrc`
2016-11-30T10:32:00-05:00  INFO Reading from testData/DCrecds10.mrc
2016-11-30T10:32:00-05:00  INFO    Indexer with 2 processing threads, reader: Traject::MarcReader and writer: Traject::DebugWriter
2016-11-30T10:32:00-05:00  INFO finished Indexer#process: 10 records in 0.012 seconds; 800.1 records/second overall.
2016-11-30T10:42:41-05:00  INFO traject (2.3.2) executing with: `-c /Users/d35185r/RubymineProjects/discovery-pilot/blacklight-dartmouth/config/traject/dartcoll_mapping.rb testData/DCrecds10.mrc`
2016-11-30T10:42:41-05:00  INFO Reading from testData/DCrecds10.mrc
2016-11-30T10:42:41-05:00  INFO    Indexer with 2 processing threads, reader: Traject::MarcReader and writer: Traject::DebugWriter
2016-11-30T10:42:41-05:00  INFO finished Indexer#process: 10 records in 0.013 seconds; 778.0 records/second overall.
2016-11-30T10:50:52-05:00  INFO traject (2.3.2) executing with: `-c /Users/d35185r/RubymineProjects/discovery-pilot/blacklight-dartmouth/config/traject/dartcoll_mapping.rb testData/DCrecds10.mrc`
2016-11-30T10:50:52-05:00  INFO Reading from testData/DCrecds10.mrc
2016-11-30T10:50:52-05:00  INFO    Indexer with 2 processing threads, reader: Traject::MarcReader and writer: Traject::DebugWriter
2016-11-30T10:50:52-05:00  INFO finished Indexer#process: 10 records in 0.013 seconds; 750.1 records/second overall.
